Determining if the pthread_create exist failed with the following output:
Change Dir: /home/joe/Documents/Indoor-3D-Reconstruction/ros/build/CMakeFiles/CMakeTmp

Run Build Command:/usr/bin/make "cmTryCompileExec1908308806/fast"
/usr/bin/make -f CMakeFiles/cmTryCompileExec1908308806.dir/build.make CMakeFiles/cmTryCompileExec1908308806.dir/build
make[1]: Entering directory `/home/joe/Documents/Indoor-3D-Reconstruction/ros/build/CMakeFiles/CMakeTmp'
/usr/bin/cmake -E cmake_progress_report /home/joe/Documents/Indoor-3D-Reconstruction/ros/build/CMakeFiles/CMakeTmp/CMakeFiles 1
Building C object CMakeFiles/cmTryCompileExec1908308806.dir/CheckSymbolExists.c.o
/usr/bin/cc    -o CMakeFiles/cmTryCompileExec1908308806.dir/CheckSymbolExists.c.o   -c /home/joe/Documents/Indoor-3D-Reconstruction/ros/build/CMakeFiles/CMakeTmp/CheckSymbolExists.c
Linking C executable cmTryCompileExec1908308806
/usr/bin/cmake -E cmake_link_script CMakeFiles/cmTryCompileExec1908308806.dir/link.txt --verbose=1
/usr/bin/cc       CMakeFiles/cmTryCompileExec1908308806.dir/CheckSymbolExists.c.o  -o cmTryCompileExec1908308806 -rdynamic 
CMakeFiles/cmTryCompileExec1908308806.dir/CheckSymbolExists.c.o: In function `main':
CheckSymbolExists.c:(.text+0x16): undefined reference to `pthread_create'
collect2: error: ld returned 1 exit status
make[1]: *** [cmTryCompileExec1908308806] Error 1
make[1]: Leaving directory `/home/joe/Documents/Indoor-3D-Reconstruction/ros/build/CMakeFiles/CMakeTmp'
make: *** [cmTryCompileExec1908308806/fast] Error 2

File /home/joe/Documents/Indoor-3D-Reconstruction/ros/build/CMakeFiles/CMakeTmp/CheckSymbolExists.c:
/* */
#include <pthread.h>

int main(int argc, char** argv)
{
  (void)argv;
#ifndef pthread_create
  return ((int*)(&pthread_create))[argc];
#else
  (void)argc;
  return 0;
#endif
}

Determining if the function pthread_create exists in the pthreads failed with the following output:
Change Dir: /home/joe/Documents/Indoor-3D-Reconstruction/ros/build/CMakeFiles/CMakeTmp

Run Build Command:/usr/bin/make "cmTryCompileExec4123607442/fast"
/usr/bin/make -f CMakeFiles/cmTryCompileExec4123607442.dir/build.make CMakeFiles/cmTryCompileExec4123607442.dir/build
make[1]: Entering directory `/home/joe/Documents/Indoor-3D-Reconstruction/ros/build/CMakeFiles/CMakeTmp'
/usr/bin/cmake -E cmake_progress_report /home/joe/Documents/Indoor-3D-Reconstruction/ros/build/CMakeFiles/CMakeTmp/CMakeFiles 1
Building C object CMakeFiles/cmTryCompileExec4123607442.dir/CheckFunctionExists.c.o
/usr/bin/cc   -DCHECK_FUNCTION_EXISTS=pthread_create   -o CMakeFiles/cmTryCompileExec4123607442.dir/CheckFunctionExists.c.o   -c /usr/share/cmake-2.8/Modules/CheckFunctionExists.c
Linking C executable cmTryCompileExec4123607442
/usr/bin/cmake -E cmake_link_script CMakeFiles/cmTryCompileExec4123607442.dir/link.txt --verbose=1
/usr/bin/cc   -DCHECK_FUNCTION_EXISTS=pthread_create    CMakeFiles/cmTryCompileExec4123607442.dir/CheckFunctionExists.c.o  -o cmTryCompileExec4123607442 -rdynamic -lpthreads 
/usr/bin/ld: cannot find -lpthreads
collect2: error: ld returned 1 exit status
make[1]: *** [cmTryCompileExec4123607442] Error 1
make[1]: Leaving directory `/home/joe/Documents/Indoor-3D-Reconstruction/ros/build/CMakeFiles/CMakeTmp'
make: *** [cmTryCompileExec4123607442/fast] Error 2


